<?xml version="1.0" encoding="UTF-8"?>
<!-- Generated by org.testng.reporters.JUnitXMLReporter -->
<testsuite ignored="0" hostname="jeevansx-mobl" failures="1" tests="2" name="Test Login" time="9.094" errors="0" timestamp="2025-04-14T00:46:52 IST">
  <testcase classname="test.LoginTest" name="testLoginButtonEnabled" time="0.043"/>
  <testcase classname="test.LoginTest" name="testLoginWithValidCredentials" time="0.708">
    <failure type="java.lang.AssertionError" message="User should be redirected to homepage. expected [true] but found [false]">
      <![CDATA[java.lang.AssertionError: User should be redirected to homepage. expected [true] but found [false]
at test.LoginTest.testLoginWithValidCredentials(LoginTest.java:21)
at java.base/java.util.ArrayList.forEach(ArrayList.java:1596)
... Removed 28 stack frames]]>
    </failure>
  </testcase> <!-- testLoginWithValidCredentials -->
</testsuite> <!-- Test Login -->
